C:\Users\XiongWenkai\Desktop\20161017_TrueLink_V5R0_SP4\90-truelink\kdvp_pcmtIM\MediaPlayerUI\prj_win32\Release\cl.command.1.tlog
C:\Users\XiongWenkai\Desktop\20161017_TrueLink_V5R0_SP4\90-truelink\kdvp_pcmtIM\MediaPlayerUI\prj_win32\Release\CL.read.1.tlog
C:\Users\XiongWenkai\Desktop\20161017_TrueLink_V5R0_SP4\90-truelink\kdvp_pcmtIM\MediaPlayerUI\prj_win32\Release\CL.write.1.tlog
C:\Users\XiongWenkai\Desktop\20161017_TrueLink_V5R0_SP4\90-truelink\kdvp_pcmtIM\MediaPlayerUI\prj_win32\Release\imageoleex.tlh
C:\Users\XiongWenkai\Desktop\20161017_TrueLink_V5R0_SP4\90-truelink\kdvp_pcmtIM\MediaPlayerUI\prj_win32\Release\imageoleex.tli
C:\Users\XiongWenkai\Desktop\20161017_TrueLink_V5R0_SP4\90-truelink\kdvp_pcmtIM\MediaPlayerUI\prj_win32\Release\link.command.1.tlog
C:\Users\XiongWenkai\Desktop\20161017_TrueLink_V5R0_SP4\90-truelink\kdvp_pcmtIM\MediaPlayerUI\prj_win32\Release\link.read.1.tlog
C:\Users\XiongWenkai\Desktop\20161017_TrueLink_V5R0_SP4\90-truelink\kdvp_pcmtIM\MediaPlayerUI\prj_win32\Release\link.write.1.tlog
C:\Users\XiongWenkai\Desktop\20161017_TrueLink_V5R0_SP4\90-truelink\kdvp_pcmtIM\MediaPlayerUI\prj_win32\Release\link-cvtres.read.1.tlog
C:\Users\XiongWenkai\Desktop\20161017_TrueLink_V5R0_SP4\90-truelink\kdvp_pcmtIM\MediaPlayerUI\prj_win32\Release\link-cvtres.write.1.tlog
C:\USERS\XIONGWENKAI\DESKTOP\20161017_TRUELINK_V5R0_SP4\90-TRUELINK\KDVP_PCMTIM\MEDIAPLAYERUI\PRJ_WIN32\RELEASE\MAINAPP.OBJ
C:\USERS\XIONGWENKAI\DESKTOP\20161017_TRUELINK_V5R0_SP4\90-TRUELINK\KDVP_PCMTIM\MEDIAPLAYERUI\PRJ_WIN32\RELEASE\MAINWND.OBJ
C:\USERS\XIONGWENKAI\DESKTOP\20161017_TRUELINK_V5R0_SP4\90-TRUELINK\KDVP_PCMTIM\MEDIAPLAYERUI\PRJ_WIN32\RELEASE\MEDIAPLAY.EXE
C:\USERS\XIONGWENKAI\DESKTOP\20161017_TRUELINK_V5R0_SP4\90-TRUELINK\KDVP_PCMTIM\MEDIAPLAYERUI\PRJ_WIN32\RELEASE\MEDIAPLAY.EXE.INTERMEDIATE.MANIFEST
C:\Users\XiongWenkai\Desktop\20161017_TrueLink_V5R0_SP4\90-truelink\kdvp_pcmtIM\MediaPlayerUI\prj_win32\Release\mediaplay.exp
C:\Users\XiongWenkai\Desktop\20161017_TrueLink_V5R0_SP4\90-truelink\kdvp_pcmtIM\MediaPlayerUI\prj_win32\Release\mediaplay.lib
C:\USERS\XIONGWENKAI\DESKTOP\20161017_TRUELINK_V5R0_SP4\90-TRUELINK\KDVP_PCMTIM\MEDIAPLAYERUI\PRJ_WIN32\RELEASE\MEDIAPLAY.PDB
C:\Users\XiongWenkai\Desktop\20161017_TrueLink_V5R0_SP4\90-truelink\kdvp_pcmtIM\MediaPlayerUI\prj_win32\Release\mediaplay.write.1.tlog
C:\USERS\XIONGWENKAI\DESKTOP\20161017_TRUELINK_V5R0_SP4\90-TRUELINK\KDVP_PCMTIM\MEDIAPLAYERUI\PRJ_WIN32\RELEASE\MEDIAPLAYERUI.RES
C:\USERS\XIONGWENKAI\DESKTOP\20161017_TRUELINK_V5R0_SP4\90-TRUELINK\KDVP_PCMTIM\MEDIAPLAYERUI\PRJ_WIN32\RELEASE\MEDIPLY.OBJ
C:\Users\XiongWenkai\Desktop\20161017_TrueLink_V5R0_SP4\90-truelink\kdvp_pcmtIM\MediaPlayerUI\prj_win32\Release\mt.command.1.tlog
C:\Users\XiongWenkai\Desktop\20161017_TrueLink_V5R0_SP4\90-truelink\kdvp_pcmtIM\MediaPlayerUI\prj_win32\Release\mt.read.1.tlog
C:\Users\XiongWenkai\Desktop\20161017_TrueLink_V5R0_SP4\90-truelink\kdvp_pcmtIM\MediaPlayerUI\prj_win32\Release\mt.write.1.tlog
C:\Users\XiongWenkai\Desktop\20161017_TrueLink_V5R0_SP4\90-truelink\kdvp_pcmtIM\MediaPlayerUI\prj_win32\Release\rc.command.1.tlog
C:\Users\XiongWenkai\Desktop\20161017_TrueLink_V5R0_SP4\90-truelink\kdvp_pcmtIM\MediaPlayerUI\prj_win32\Release\rc.read.1.tlog
C:\Users\XiongWenkai\Desktop\20161017_TrueLink_V5R0_SP4\90-truelink\kdvp_pcmtIM\MediaPlayerUI\prj_win32\Release\rc.write.1.tlog
C:\USERS\XIONGWENKAI\DESKTOP\20161017_TRUELINK_V5R0_SP4\90-TRUELINK\KDVP_PCMTIM\MEDIAPLAYERUI\PRJ_WIN32\RELEASE\VC100.PDB
Release\mediaplay.pdb
